<?xml version="1.0" encoding="utf-8"?>
<!DOCTYPE coverage SYSTEM "http://cobertura.sourceforge.net/xml/coverage-04.dtd">
<coverage line-rate="0.9883449883449883" branch-rate="0.8939393939393939" lines-covered="424" lines-valid="429" branches-covered="59" branches-valid="66" complexity="78" version="0" timestamp="1652735007">
  <sources />
  <packages>
    <package name="ce100-hw4-algo-lib-cs" line-rate="0.975609756097561" branch-rate="0.8939393939393939" complexity="57">
      <classes>
        <class name="ce100_hw4_algo_lib_cs.Class1" filename="C:\Users\Lenovo\Desktop\ce100-hw4-rumeysa-er\ce100-hw4-sln\ce100-hw4-algo-lib-cs\Class1.cs" line-rate="0.9933333333333333" branch-rate="0.96" complexity="5">
          <methods>
            <method name="knapSack" signature="(System.Int32,System.Int32[],System.Int32[],System.Int32)" line-rate="1" branch-rate="1" complexity="NaN">
              <lines>
                <line number="101" hits="3" branch="false" />
                <line number="103" hits="3" branch="false" />
                <line number="106" hits="30" branch="true" condition-coverage="100% (2/2)" />
                <line number="107" hits="12" branch="false" />
                <line number="108" hits="1168" branch="true" condition-coverage="100% (2/2)" />
                <line number="109" hits="572" branch="false" />
                <line number="110" hits="572" branch="true" condition-coverage="100% (4/4)" />
                <line number="111" hits="152" branch="false" />
                <line number="113" hits="420" branch="true" condition-coverage="100% (2/2)" />
                <line number="114" hits="138" branch="false" />
                <line number="115" hits="138" branch="false" />
                <line number="116" hits="138" branch="false" />
                <line number="117" hits="138" branch="false" />
                <line number="119" hits="282" branch="false" />
                <line number="120" hits="572" branch="false" />
                <line number="121" hits="12" branch="false" />
                <line number="123" hits="3" branch="false" />
                <line number="124" hits="3" branch="false" />
              </lines>
            </method>
            <method name="printknapSack" signature="(System.Int32,System.Int32[],System.Int32[],System.Int32)" line-rate="0.9655172413793104" branch-rate="0.875" complexity="NaN">
              <lines>
                <line number="154" hits="3" branch="false" />
                <line number="156" hits="3" branch="false" />
                <line number="157" hits="3" branch="false" />
                <line number="160" hits="30" branch="true" condition-coverage="100% (2/2)" />
                <line number="161" hits="12" branch="false" />
                <line number="162" hits="1248" branch="true" condition-coverage="100% (2/2)" />
                <line number="163" hits="612" branch="false" />
                <line number="164" hits="612" branch="true" condition-coverage="100% (4/4)" />
                <line number="165" hits="162" branch="false" />
                <line number="166" hits="450" branch="true" condition-coverage="100% (2/2)" />
                <line number="167" hits="279" branch="false" />
                <line number="168" hits="279" branch="false" />
                <line number="170" hits="171" branch="false" />
                <line number="171" hits="612" branch="false" />
                <line number="172" hits="12" branch="false" />
                <line number="174" hits="3" branch="false" />
                <line number="178" hits="3" branch="false" />
                <line number="179" hits="18" branch="true" condition-coverage="75% (3/4)" />
                <line number="180" hits="6" branch="false" />
                <line number="183" hits="6" branch="true" condition-coverage="50% (1/2)" />
                <line number="184" hits="0" branch="false" />
                <line number="186" hits="6" branch="false" />
                <line number="189" hits="6" branch="false" />
                <line number="192" hits="6" branch="false" />
                <line number="193" hits="6" branch="false" />
                <line number="194" hits="6" branch="false" />
                <line number="195" hits="6" branch="false" />
                <line number="196" hits="3" branch="false" />
                <line number="197" hits="3" branch="false" />
              </lines>
            </method>
            <method name="Graphbfs" signature="(System.Int32)" line-rate="1" branch-rate="1" complexity="NaN">
              <lines>
                <line number="228" hits="3" branch="false" />
                <line number="229" hits="3" branch="false" />
                <line number="230" hits="30" branch="true" condition-coverage="100% (2/2)" />
                <line number="231" hits="12" branch="false" />
                <line number="232" hits="12" branch="false" />
                <line number="233" hits="12" branch="false" />
                <line number="234" hits="3" branch="false" />
                <line number="235" hits="3" branch="false" />
              </lines>
            </method>
            <method name="AddEdgebfs" signature="(System.Int32,System.Int32)" line-rate="1" branch-rate="1" complexity="NaN">
              <lines>
                <line number="238" hits="12" branch="false" />
                <line number="239" hits="12" branch="false" />
                <line number="241" hits="12" branch="false" />
              </lines>
            </method>
            <method name="BFS" signature="(System.Int32)" line-rate="1" branch-rate="1" complexity="NaN">
              <lines>
                <line number="244" hits="3" branch="false" />
                <line number="245" hits="3" branch="false" />
                <line number="248" hits="3" branch="false" />
                <line number="249" hits="30" branch="true" condition-coverage="100% (2/2)" />
                <line number="250" hits="12" branch="false" />
                <line number="253" hits="3" branch="false" />
                <line number="255" hits="3" branch="false" />
                <line number="256" hits="3" branch="false" />
                <line number="258" hits="15" branch="true" condition-coverage="100% (2/2)" />
                <line number="259" hits="12" branch="false" />
                <line number="262" hits="12" branch="false" />
                <line number="263" hits="12" branch="false" />
                <line number="264" hits="12" branch="false" />
                <line number="266" hits="12" branch="false" />
                <line number="268" hits="60" branch="false" />
                <line number="269" hits="12" branch="false" />
                <line number="270" hits="12" branch="true" condition-coverage="100% (2/2)" />
                <line number="271" hits="9" branch="false" />
                <line number="272" hits="9" branch="false" />
                <line number="273" hits="9" branch="false" />
                <line number="274" hits="9" branch="false" />
                <line number="275" hits="12" branch="false" />
                <line number="276" hits="12" branch="false" />
                <line number="277" hits="3" branch="false" />
                <line number="278" hits="3" branch="false" />
              </lines>
            </method>
            <method name="Graphdfs" signature="(System.Int32)" line-rate="1" branch-rate="1" complexity="NaN">
              <lines>
                <line number="302" hits="3" branch="false" />
                <line number="303" hits="3" branch="false" />
                <line number="304" hits="3" branch="false" />
                <line number="305" hits="32" branch="true" condition-coverage="100% (2/2)" />
                <line number="306" hits="13" branch="false" />
                <line number="307" hits="3" branch="false" />
              </lines>
            </method>
            <method name="AddEdgedfs" signature="(System.Int32,System.Int32)" line-rate="1" branch-rate="1" complexity="NaN">
              <lines>
                <line number="310" hits="20" branch="false" />
                <line number="311" hits="20" branch="false" />
                <line number="312" hits="20" branch="false" />
              </lines>
            </method>
            <method name="dfsUtil" signature="(System.Int32,System.Boolean[])" line-rate="1" branch-rate="1" complexity="NaN">
              <lines>
                <line number="317" hits="13" branch="false" />
                <line number="319" hits="13" branch="false" />
                <line number="320" hits="13" branch="false" />
                <line number="323" hits="13" branch="false" />
                <line number="324" hits="79" branch="false" />
                <line number="325" hits="20" branch="false" />
                <line number="326" hits="20" branch="true" condition-coverage="100% (2/2)" />
                <line number="327" hits="10" branch="false" />
                <line number="328" hits="20" branch="false" />
                <line number="329" hits="13" branch="false" />
              </lines>
            </method>
            <method name="DFS" signature="(System.Int32)" line-rate="1" branch-rate="1" complexity="NaN">
              <lines>
                <line number="332" hits="3" branch="false" />
                <line number="333" hits="3" branch="false" />
                <line number="335" hits="3" branch="false" />
                <line number="336" hits="3" branch="false" />
                <line number="337" hits="3" branch="false" />
              </lines>
            </method>
            <method name="Graph_Tpl" signature="(System.Int32)" line-rate="1" branch-rate="1" complexity="NaN">
              <lines>
                <line number="360" hits="3" branch="false" />
                <line number="361" hits="3" branch="false" />
                <line number="362" hits="3" branch="false" />
                <line number="363" hits="40" branch="true" condition-coverage="100% (2/2)" />
                <line number="364" hits="17" branch="false" />
                <line number="365" hits="3" branch="false" />
              </lines>
            </method>
            <method name="AddEdge_Tpl" signature="(System.Int32,System.Int32)" line-rate="1" branch-rate="1" complexity="NaN">
              <lines>
                <line number="368" hits="54" branch="false" />
              </lines>
            </method>
            <method name="TopologicalOrderUtil" signature="(System.Int32,System.Boolean[],System.Collections.Generic.Stack`1&lt;System.Int32&gt;)" line-rate="1" branch-rate="1" complexity="NaN">
              <lines>
                <line number="372" hits="17" branch="false" />
                <line number="375" hits="17" branch="false" />
                <line number="378" hits="87" branch="false" />
                <line number="379" hits="18" branch="false" />
                <line number="380" hits="18" branch="true" condition-coverage="100% (2/2)" />
                <line number="381" hits="10" branch="false" />
                <line number="382" hits="18" branch="false" />
                <line number="385" hits="17" branch="false" />
                <line number="386" hits="17" branch="false" />
              </lines>
            </method>
            <method name="TopologicalOrder" signature="()" line-rate="1" branch-rate="1" complexity="4">
              <lines>
                <line number="389" hits="3" branch="false" />
                <line number="390" hits="3" branch="false" />
                <line number="391" hits="3" branch="false" />
                <line number="394" hits="3" branch="false" />
                <line number="397" hits="40" branch="true" condition-coverage="100% (2/2)" />
                <line number="398" hits="17" branch="false" />
                <line number="399" hits="17" branch="true" condition-coverage="100% (2/2)" />
                <line number="400" hits="7" branch="false" />
                <line number="401" hits="17" branch="false" />
                <line number="404" hits="43" branch="false" />
                <line number="405" hits="17" branch="false" />
                <line number="406" hits="17" branch="false" />
                <line number="407" hits="17" branch="false" />
                <line number="408" hits="3" branch="false" />
                <line number="409" hits="3" branch="false" />
              </lines>
            </method>
            <method name=".cctor" signature="()" line-rate="1" branch-rate="1" complexity="1">
              <lines>
                <line number="314" hits="1" branch="false" />
              </lines>
            </method>
            <method name="printMaxActivities" signature="(System.Int32[],System.Int32[],System.Int32)" line-rate="1" branch-rate="1" complexity="NaN">
              <lines>
                <line number="60" hits="3" branch="false" />
                <line number="64" hits="3" branch="false" />
                <line number="66" hits="36" branch="true" condition-coverage="100% (2/2)" />
                <line number="67" hits="15" branch="false" />
                <line number="69" hits="15" branch="true" condition-coverage="100% (2/2)" />
                <line number="70" hits="5" branch="false" />
                <line number="71" hits="5" branch="false" />
                <line number="72" hits="5" branch="false" />
                <line number="73" hits="15" branch="false" />
                <line number="75" hits="3" branch="false" />
                <line number="76" hits="3" branch="false" />
              </lines>
            </method>
          </methods>
          <lines>
            <line number="60" hits="3" branch="false" />
            <line number="64" hits="3" branch="false" />
            <line number="66" hits="36" branch="true" condition-coverage="100% (2/2)" />
            <line number="67" hits="15" branch="false" />
            <line number="69" hits="15" branch="true" condition-coverage="100% (2/2)" />
            <line number="70" hits="5" branch="false" />
            <line number="71" hits="5" branch="false" />
            <line number="72" hits="5" branch="false" />
            <line number="73" hits="15" branch="false" />
            <line number="75" hits="3" branch="false" />
            <line number="76" hits="3" branch="false" />
            <line number="101" hits="3" branch="false" />
            <line number="103" hits="3" branch="false" />
            <line number="106" hits="30" branch="true" condition-coverage="100% (2/2)" />
            <line number="107" hits="12" branch="false" />
            <line number="108" hits="1168" branch="true" condition-coverage="100% (2/2)" />
            <line number="109" hits="572" branch="false" />
            <line number="110" hits="572" branch="true" condition-coverage="100% (4/4)" />
            <line number="111" hits="152" branch="false" />
            <line number="113" hits="420" branch="true" condition-coverage="100% (2/2)" />
            <line number="114" hits="138" branch="false" />
            <line number="115" hits="138" branch="false" />
            <line number="116" hits="138" branch="false" />
            <line number="117" hits="138" branch="false" />
            <line number="119" hits="282" branch="false" />
            <line number="120" hits="572" branch="false" />
            <line number="121" hits="12" branch="false" />
            <line number="123" hits="3" branch="false" />
            <line number="124" hits="3" branch="false" />
            <line number="154" hits="3" branch="false" />
            <line number="156" hits="3" branch="false" />
            <line number="157" hits="3" branch="false" />
            <line number="160" hits="30" branch="true" condition-coverage="100% (2/2)" />
            <line number="161" hits="12" branch="false" />
            <line number="162" hits="1248" branch="true" condition-coverage="100% (2/2)" />
            <line number="163" hits="612" branch="false" />
            <line number="164" hits="612" branch="true" condition-coverage="100% (4/4)" />
            <line number="165" hits="162" branch="false" />
            <line number="166" hits="450" branch="true" condition-coverage="100% (2/2)" />
            <line number="167" hits="279" branch="false" />
            <line number="168" hits="279" branch="false" />
            <line number="170" hits="171" branch="false" />
            <line number="171" hits="612" branch="false" />
            <line number="172" hits="12" branch="false" />
            <line number="174" hits="3" branch="false" />
            <line number="178" hits="3" branch="false" />
            <line number="179" hits="18" branch="true" condition-coverage="75% (3/4)" />
            <line number="180" hits="6" branch="false" />
            <line number="183" hits="6" branch="true" condition-coverage="50% (1/2)" />
            <line number="184" hits="0" branch="false" />
            <line number="186" hits="6" branch="false" />
            <line number="189" hits="6" branch="false" />
            <line number="192" hits="6" branch="false" />
            <line number="193" hits="6" branch="false" />
            <line number="194" hits="6" branch="false" />
            <line number="195" hits="6" branch="false" />
            <line number="196" hits="3" branch="false" />
            <line number="197" hits="3" branch="false" />
            <line number="228" hits="3" branch="false" />
            <line number="229" hits="3" branch="false" />
            <line number="230" hits="30" branch="true" condition-coverage="100% (2/2)" />
            <line number="231" hits="12" branch="false" />
            <line number="232" hits="12" branch="false" />
            <line number="233" hits="12" branch="false" />
            <line number="234" hits="3" branch="false" />
            <line number="235" hits="3" branch="false" />
            <line number="238" hits="12" branch="false" />
            <line number="239" hits="12" branch="false" />
            <line number="241" hits="12" branch="false" />
            <line number="244" hits="3" branch="false" />
            <line number="245" hits="3" branch="false" />
            <line number="248" hits="3" branch="false" />
            <line number="249" hits="30" branch="true" condition-coverage="100% (2/2)" />
            <line number="250" hits="12" branch="false" />
            <line number="253" hits="3" branch="false" />
            <line number="255" hits="3" branch="false" />
            <line number="256" hits="3" branch="false" />
            <line number="258" hits="15" branch="true" condition-coverage="100% (2/2)" />
            <line number="259" hits="12" branch="false" />
            <line number="262" hits="12" branch="false" />
            <line number="263" hits="12" branch="false" />
            <line number="264" hits="12" branch="false" />
            <line number="266" hits="12" branch="false" />
            <line number="268" hits="60" branch="false" />
            <line number="269" hits="12" branch="false" />
            <line number="270" hits="12" branch="true" condition-coverage="100% (2/2)" />
            <line number="271" hits="9" branch="false" />
            <line number="272" hits="9" branch="false" />
            <line number="273" hits="9" branch="false" />
            <line number="274" hits="9" branch="false" />
            <line number="275" hits="12" branch="false" />
            <line number="276" hits="12" branch="false" />
            <line number="277" hits="3" branch="false" />
            <line number="278" hits="3" branch="false" />
            <line number="302" hits="3" branch="false" />
            <line number="303" hits="3" branch="false" />
            <line number="304" hits="3" branch="false" />
            <line number="305" hits="32" branch="true" condition-coverage="100% (2/2)" />
            <line number="306" hits="13" branch="false" />
            <line number="307" hits="3" branch="false" />
            <line number="310" hits="20" branch="false" />
            <line number="311" hits="20" branch="false" />
            <line number="312" hits="20" branch="false" />
            <line number="314" hits="1" branch="false" />
            <line number="317" hits="13" branch="false" />
            <line number="319" hits="13" branch="false" />
            <line number="320" hits="13" branch="false" />
            <line number="323" hits="13" branch="false" />
            <line number="324" hits="79" branch="false" />
            <line number="325" hits="20" branch="false" />
            <line number="326" hits="20" branch="true" condition-coverage="100% (2/2)" />
            <line number="327" hits="10" branch="false" />
            <line number="328" hits="20" branch="false" />
            <line number="329" hits="13" branch="false" />
            <line number="332" hits="3" branch="false" />
            <line number="333" hits="3" branch="false" />
            <line number="335" hits="3" branch="false" />
            <line number="336" hits="3" branch="false" />
            <line number="337" hits="3" branch="false" />
            <line number="360" hits="3" branch="false" />
            <line number="361" hits="3" branch="false" />
            <line number="362" hits="3" branch="false" />
            <line number="363" hits="40" branch="true" condition-coverage="100% (2/2)" />
            <line number="364" hits="17" branch="false" />
            <line number="365" hits="3" branch="false" />
            <line number="368" hits="54" branch="false" />
            <line number="372" hits="17" branch="false" />
            <line number="375" hits="17" branch="false" />
            <line number="378" hits="87" branch="false" />
            <line number="379" hits="18" branch="false" />
            <line number="380" hits="18" branch="true" condition-coverage="100% (2/2)" />
            <line number="381" hits="10" branch="false" />
            <line number="382" hits="18" branch="false" />
            <line number="385" hits="17" branch="false" />
            <line number="386" hits="17" branch="false" />
            <line number="389" hits="3" branch="false" />
            <line number="390" hits="3" branch="false" />
            <line number="391" hits="3" branch="false" />
            <line number="394" hits="3" branch="false" />
            <line number="397" hits="40" branch="true" condition-coverage="100% (2/2)" />
            <line number="398" hits="17" branch="false" />
            <line number="399" hits="17" branch="true" condition-coverage="100% (2/2)" />
            <line number="400" hits="7" branch="false" />
            <line number="401" hits="17" branch="false" />
            <line number="404" hits="43" branch="false" />
            <line number="405" hits="17" branch="false" />
            <line number="406" hits="17" branch="false" />
            <line number="407" hits="17" branch="false" />
            <line number="408" hits="3" branch="false" />
            <line number="409" hits="3" branch="false" />
          </lines>
        </class>
        <class name="ce100_hw4_algo_lib_cs.SCCProblem" filename="C:\Users\Lenovo\Desktop\ce100-hw4-rumeysa-er\ce100-hw4-sln\ce100-hw4-algo-lib-cs\Class1.cs" line-rate="0.9272727272727272" branch-rate="0.6875" complexity="4">
          <methods>
            <method name="addEdge" signature="(System.Int32,System.Int32)" line-rate="1" branch-rate="1" complexity="NaN">
              <lines>
                <line number="439" hits="18" branch="false" />
                <line number="440" hits="18" branch="false" />
                <line number="441" hits="18" branch="false" />
              </lines>
            </method>
            <method name=".ctor" signature="(System.Int32)" line-rate="1" branch-rate="1" complexity="NaN">
              <lines>
                <line number="443" hits="6" branch="false" />
                <line number="444" hits="6" branch="false" />
                <line number="445" hits="6" branch="false" />
                <line number="446" hits="6" branch="false" />
                <line number="447" hits="60" branch="true" condition-coverage="100% (2/2)" />
                <line number="448" hits="24" branch="false" />
                <line number="449" hits="24" branch="false" />
                <line number="450" hits="24" branch="false" />
                <line number="451" hits="6" branch="false" />
              </lines>
            </method>
            <method name="SCCUtil" signature="(System.Int32,System.Int32[],System.Int32[],System.Boolean[],System.Collections.Generic.Stack`1&lt;System.Int32&gt;)" line-rate="0.8333333333333334" branch-rate="0.375" complexity="NaN">
              <lines>
                <line number="453" hits="24" branch="false" />
                <line number="454" hits="24" branch="false" />
                <line number="455" hits="24" branch="false" />
                <line number="456" hits="24" branch="false" />
                <line number="457" hits="108" branch="false" />
                <line number="458" hits="18" branch="false" />
                <line number="459" hits="18" branch="true" condition-coverage="50% (1/2)" />
                <line number="460" hits="18" branch="false" />
                <line number="461" hits="18" branch="false" />
                <line number="462" hits="18" branch="false" />
                <line number="463" hits="18" branch="false" />
                <line number="464" hits="0" branch="true" condition-coverage="0% (0/2)" />
                <line number="465" hits="0" branch="false" />
                <line number="466" hits="0" branch="false" />
                <line number="467" hits="0" branch="false" />
                <line number="468" hits="18" branch="false" />
                <line number="469" hits="24" branch="true" condition-coverage="50% (1/2)" />
                <line number="470" hits="24" branch="false" />
                <line number="473" hits="24" branch="false" />
                <line number="474" hits="24" branch="false" />
                <line number="475" hits="24" branch="false" />
                <line number="476" hits="48" branch="true" condition-coverage="50% (1/2)" />
                <line number="477" hits="24" branch="false" />
                <line number="478" hits="24" branch="false" />
              </lines>
            </method>
            <method name="SCC" signature="()" line-rate="1" branch-rate="1" complexity="4">
              <lines>
                <line number="480" hits="6" branch="false" />
                <line number="481" hits="6" branch="false" />
                <line number="482" hits="6" branch="false" />
                <line number="483" hits="6" branch="false" />
                <line number="484" hits="6" branch="false" />
                <line number="485" hits="60" branch="true" condition-coverage="100% (2/2)" />
                <line number="486" hits="24" branch="false" />
                <line number="487" hits="24" branch="false" />
                <line number="488" hits="24" branch="false" />
                <line number="489" hits="24" branch="false" />
                <line number="490" hits="60" branch="true" condition-coverage="100% (2/2)" />
                <line number="491" hits="24" branch="false" />
                <line number="492" hits="24" branch="true" condition-coverage="100% (2/2)" />
                <line number="493" hits="6" branch="false" />
                <line number="494" hits="6" branch="false" />
                <line number="495" hits="6" branch="false" />
                <line number="496" hits="24" branch="false" />
                <line number="497" hits="6" branch="false" />
                <line number="498" hits="6" branch="false" />
              </lines>
            </method>
          </methods>
          <lines>
            <line number="439" hits="18" branch="false" />
            <line number="440" hits="18" branch="false" />
            <line number="441" hits="18" branch="false" />
            <line number="443" hits="6" branch="false" />
            <line number="444" hits="6" branch="false" />
            <line number="445" hits="6" branch="false" />
            <line number="446" hits="6" branch="false" />
            <line number="447" hits="60" branch="true" condition-coverage="100% (2/2)" />
            <line number="448" hits="24" branch="false" />
            <line number="449" hits="24" branch="false" />
            <line number="450" hits="24" branch="false" />
            <line number="451" hits="6" branch="false" />
            <line number="453" hits="24" branch="false" />
            <line number="454" hits="24" branch="false" />
            <line number="455" hits="24" branch="false" />
            <line number="456" hits="24" branch="false" />
            <line number="457" hits="108" branch="false" />
            <line number="458" hits="18" branch="false" />
            <line number="459" hits="18" branch="true" condition-coverage="50% (1/2)" />
            <line number="460" hits="18" branch="false" />
            <line number="461" hits="18" branch="false" />
            <line number="462" hits="18" branch="false" />
            <line number="463" hits="18" branch="false" />
            <line number="464" hits="0" branch="true" condition-coverage="0% (0/2)" />
            <line number="465" hits="0" branch="false" />
            <line number="466" hits="0" branch="false" />
            <line number="467" hits="0" branch="false" />
            <line number="468" hits="18" branch="false" />
            <line number="469" hits="24" branch="true" condition-coverage="50% (1/2)" />
            <line number="470" hits="24" branch="false" />
            <line number="473" hits="24" branch="false" />
            <line number="474" hits="24" branch="false" />
            <line number="475" hits="24" branch="false" />
            <line number="476" hits="48" branch="true" condition-coverage="50% (1/2)" />
            <line number="477" hits="24" branch="false" />
            <line number="478" hits="24" branch="false" />
            <line number="480" hits="6" branch="false" />
            <line number="481" hits="6" branch="false" />
            <line number="482" hits="6" branch="false" />
            <line number="483" hits="6" branch="false" />
            <line number="484" hits="6" branch="false" />
            <line number="485" hits="60" branch="true" condition-coverage="100% (2/2)" />
            <line number="486" hits="24" branch="false" />
            <line number="487" hits="24" branch="false" />
            <line number="488" hits="24" branch="false" />
            <line number="489" hits="24" branch="false" />
            <line number="490" hits="60" branch="true" condition-coverage="100% (2/2)" />
            <line number="491" hits="24" branch="false" />
            <line number="492" hits="24" branch="true" condition-coverage="100% (2/2)" />
            <line number="493" hits="6" branch="false" />
            <line number="494" hits="6" branch="false" />
            <line number="495" hits="6" branch="false" />
            <line number="496" hits="24" branch="false" />
            <line number="497" hits="6" branch="false" />
            <line number="498" hits="6" branch="false" />
          </lines>
        </class>
      </classes>
    </package>
    <package name="ce100-hw4-algo-test-cs" line-rate="1" branch-rate="1" complexity="21">
      <classes>
        <class name="ce100_hw4_algo_test_cs.UnitTest1" filename="C:\Users\Lenovo\Desktop\ce100-hw4-rumeysa-er\ce100-hw4-sln\ce100-hw4-algo-test-cs\UnitTest1.cs" line-rate="1" branch-rate="1" complexity="21">
          <methods>
            <method name="activity_selection_test_1" signature="()" line-rate="1" branch-rate="1" complexity="1">
              <lines>
                <line number="18" hits="1" branch="false" />
                <line number="19" hits="1" branch="false" />
                <line number="21" hits="1" branch="false" />
                <line number="22" hits="1" branch="false" />
                <line number="24" hits="1" branch="false" />
                <line number="25" hits="1" branch="false" />
                <line number="26" hits="1" branch="false" />
                <line number="27" hits="1" branch="false" />
              </lines>
            </method>
            <method name="activity_selection_test_2" signature="()" line-rate="1" branch-rate="1" complexity="1">
              <lines>
                <line number="33" hits="1" branch="false" />
                <line number="34" hits="1" branch="false" />
                <line number="36" hits="1" branch="false" />
                <line number="37" hits="1" branch="false" />
                <line number="39" hits="1" branch="false" />
                <line number="40" hits="1" branch="false" />
                <line number="41" hits="1" branch="false" />
                <line number="42" hits="1" branch="false" />
              </lines>
            </method>
            <method name="activity_selection_test_3" signature="()" line-rate="1" branch-rate="1" complexity="1">
              <lines>
                <line number="48" hits="1" branch="false" />
                <line number="49" hits="1" branch="false" />
                <line number="51" hits="1" branch="false" />
                <line number="52" hits="1" branch="false" />
                <line number="54" hits="1" branch="false" />
                <line number="55" hits="1" branch="false" />
                <line number="56" hits="1" branch="false" />
                <line number="57" hits="1" branch="false" />
              </lines>
            </method>
            <method name="knapsacktest_1" signature="()" line-rate="1" branch-rate="1" complexity="1">
              <lines>
                <line number="65" hits="1" branch="false" />
                <line number="66" hits="1" branch="false" />
                <line number="67" hits="1" branch="false" />
                <line number="68" hits="1" branch="false" />
                <line number="69" hits="1" branch="false" />
                <line number="70" hits="1" branch="false" />
                <line number="71" hits="1" branch="false" />
                <line number="72" hits="1" branch="false" />
                <line number="73" hits="1" branch="false" />
              </lines>
            </method>
            <method name="knapsacktest_2" signature="()" line-rate="1" branch-rate="1" complexity="1">
              <lines>
                <line number="79" hits="1" branch="false" />
                <line number="80" hits="1" branch="false" />
                <line number="81" hits="1" branch="false" />
                <line number="82" hits="1" branch="false" />
                <line number="83" hits="1" branch="false" />
                <line number="84" hits="1" branch="false" />
                <line number="85" hits="1" branch="false" />
                <line number="86" hits="1" branch="false" />
                <line number="87" hits="1" branch="false" />
              </lines>
            </method>
            <method name="knapsacktest_3" signature="()" line-rate="1" branch-rate="1" complexity="1">
              <lines>
                <line number="93" hits="1" branch="false" />
                <line number="94" hits="1" branch="false" />
                <line number="95" hits="1" branch="false" />
                <line number="96" hits="1" branch="false" />
                <line number="97" hits="1" branch="false" />
                <line number="98" hits="1" branch="false" />
                <line number="99" hits="1" branch="false" />
                <line number="100" hits="1" branch="false" />
                <line number="101" hits="1" branch="false" />
              </lines>
            </method>
            <method name="printknapSacktest_1" signature="()" line-rate="1" branch-rate="1" complexity="1">
              <lines>
                <line number="107" hits="1" branch="false" />
                <line number="108" hits="1" branch="false" />
                <line number="109" hits="1" branch="false" />
                <line number="110" hits="1" branch="false" />
                <line number="111" hits="1" branch="false" />
                <line number="112" hits="1" branch="false" />
                <line number="113" hits="1" branch="false" />
                <line number="114" hits="1" branch="false" />
                <line number="117" hits="1" branch="false" />
              </lines>
            </method>
            <method name="printknapSacktest_2" signature="()" line-rate="1" branch-rate="1" complexity="1">
              <lines>
                <line number="123" hits="1" branch="false" />
                <line number="124" hits="1" branch="false" />
                <line number="125" hits="1" branch="false" />
                <line number="126" hits="1" branch="false" />
                <line number="127" hits="1" branch="false" />
                <line number="128" hits="1" branch="false" />
                <line number="129" hits="1" branch="false" />
                <line number="130" hits="1" branch="false" />
                <line number="133" hits="1" branch="false" />
              </lines>
            </method>
            <method name="printknapSacktest_3" signature="()" line-rate="1" branch-rate="1" complexity="1">
              <lines>
                <line number="139" hits="1" branch="false" />
                <line number="140" hits="1" branch="false" />
                <line number="141" hits="1" branch="false" />
                <line number="142" hits="1" branch="false" />
                <line number="143" hits="1" branch="false" />
                <line number="144" hits="1" branch="false" />
                <line number="145" hits="1" branch="false" />
                <line number="146" hits="1" branch="false" />
                <line number="149" hits="1" branch="false" />
              </lines>
            </method>
            <method name="BFS_Test1" signature="()" line-rate="1" branch-rate="1" complexity="1">
              <lines>
                <line number="155" hits="1" branch="false" />
                <line number="156" hits="1" branch="false" />
                <line number="158" hits="1" branch="false" />
                <line number="159" hits="1" branch="false" />
                <line number="160" hits="1" branch="false" />
                <line number="161" hits="1" branch="false" />
                <line number="162" hits="1" branch="false" />
                <line number="163" hits="1" branch="false" />
                <line number="165" hits="1" branch="false" />
                <line number="166" hits="1" branch="false" />
                <line number="167" hits="1" branch="false" />
                <line number="168" hits="1" branch="false" />
              </lines>
            </method>
            <method name="BFS_Test2" signature="()" line-rate="1" branch-rate="1" complexity="1">
              <lines>
                <line number="174" hits="1" branch="false" />
                <line number="175" hits="1" branch="false" />
                <line number="177" hits="1" branch="false" />
                <line number="178" hits="1" branch="false" />
                <line number="179" hits="1" branch="false" />
                <line number="180" hits="1" branch="false" />
                <line number="181" hits="1" branch="false" />
                <line number="182" hits="1" branch="false" />
              </lines>
            </method>
            <method name="BFS_Test3" signature="()" line-rate="1" branch-rate="1" complexity="1">
              <lines>
                <line number="188" hits="1" branch="false" />
                <line number="189" hits="1" branch="false" />
                <line number="191" hits="1" branch="false" />
                <line number="192" hits="1" branch="false" />
                <line number="193" hits="1" branch="false" />
                <line number="194" hits="1" branch="false" />
                <line number="196" hits="1" branch="false" />
                <line number="197" hits="1" branch="false" />
                <line number="198" hits="1" branch="false" />
                <line number="199" hits="1" branch="false" />
              </lines>
            </method>
            <method name="DFS_Test1" signature="()" line-rate="1" branch-rate="1" complexity="1">
              <lines>
                <line number="205" hits="1" branch="false" />
                <line number="206" hits="1" branch="false" />
                <line number="208" hits="1" branch="false" />
                <line number="209" hits="1" branch="false" />
                <line number="210" hits="1" branch="false" />
                <line number="211" hits="1" branch="false" />
                <line number="212" hits="1" branch="false" />
                <line number="213" hits="1" branch="false" />
                <line number="214" hits="1" branch="false" />
                <line number="215" hits="1" branch="false" />
                <line number="216" hits="1" branch="false" />
                <line number="217" hits="1" branch="false" />
                <line number="218" hits="1" branch="false" />
              </lines>
            </method>
            <method name="DFS_Test2" signature="()" line-rate="1" branch-rate="1" complexity="1">
              <lines>
                <line number="224" hits="1" branch="false" />
                <line number="225" hits="1" branch="false" />
                <line number="227" hits="1" branch="false" />
                <line number="228" hits="1" branch="false" />
                <line number="229" hits="1" branch="false" />
                <line number="230" hits="1" branch="false" />
                <line number="231" hits="1" branch="false" />
                <line number="232" hits="1" branch="false" />
                <line number="233" hits="1" branch="false" />
                <line number="234" hits="1" branch="false" />
                <line number="235" hits="1" branch="false" />
                <line number="236" hits="1" branch="false" />
                <line number="237" hits="1" branch="false" />
              </lines>
            </method>
            <method name="DFS_Test3" signature="()" line-rate="1" branch-rate="1" complexity="1">
              <lines>
                <line number="243" hits="1" branch="false" />
                <line number="244" hits="1" branch="false" />
                <line number="246" hits="1" branch="false" />
                <line number="247" hits="1" branch="false" />
                <line number="248" hits="1" branch="false" />
                <line number="249" hits="1" branch="false" />
                <line number="250" hits="1" branch="false" />
                <line number="251" hits="1" branch="false" />
                <line number="252" hits="1" branch="false" />
                <line number="253" hits="1" branch="false" />
                <line number="254" hits="1" branch="false" />
                <line number="255" hits="1" branch="false" />
                <line number="256" hits="1" branch="false" />
                <line number="257" hits="1" branch="false" />
                <line number="258" hits="1" branch="false" />
              </lines>
            </method>
            <method name="TopologicalOrder_Test1" signature="()" line-rate="1" branch-rate="1" complexity="1">
              <lines>
                <line number="264" hits="1" branch="false" />
                <line number="265" hits="1" branch="false" />
                <line number="267" hits="1" branch="false" />
                <line number="268" hits="1" branch="false" />
                <line number="269" hits="1" branch="false" />
                <line number="270" hits="1" branch="false" />
                <line number="271" hits="1" branch="false" />
                <line number="272" hits="1" branch="false" />
                <line number="274" hits="1" branch="false" />
                <line number="275" hits="1" branch="false" />
                <line number="276" hits="1" branch="false" />
                <line number="277" hits="1" branch="false" />
              </lines>
            </method>
            <method name="TopologicalOrder_Test2" signature="()" line-rate="1" branch-rate="1" complexity="1">
              <lines>
                <line number="283" hits="1" branch="false" />
                <line number="284" hits="1" branch="false" />
                <line number="286" hits="1" branch="false" />
                <line number="287" hits="1" branch="false" />
                <line number="288" hits="1" branch="false" />
                <line number="289" hits="1" branch="false" />
                <line number="290" hits="1" branch="false" />
                <line number="291" hits="1" branch="false" />
                <line number="293" hits="1" branch="false" />
                <line number="294" hits="1" branch="false" />
                <line number="295" hits="1" branch="false" />
                <line number="296" hits="1" branch="false" />
              </lines>
            </method>
            <method name="TopologicalOrder_Test3" signature="()" line-rate="1" branch-rate="1" complexity="1">
              <lines>
                <line number="302" hits="1" branch="false" />
                <line number="303" hits="1" branch="false" />
                <line number="305" hits="1" branch="false" />
                <line number="306" hits="1" branch="false" />
                <line number="307" hits="1" branch="false" />
                <line number="308" hits="1" branch="false" />
                <line number="309" hits="1" branch="false" />
                <line number="310" hits="1" branch="false" />
                <line number="312" hits="1" branch="false" />
                <line number="313" hits="1" branch="false" />
                <line number="314" hits="1" branch="false" />
                <line number="315" hits="1" branch="false" />
              </lines>
            </method>
            <method name="SCC_test_1" signature="()" line-rate="1" branch-rate="1" complexity="1">
              <lines>
                <line number="322" hits="1" branch="false" />
                <line number="323" hits="1" branch="false" />
                <line number="324" hits="1" branch="false" />
                <line number="325" hits="1" branch="false" />
                <line number="326" hits="1" branch="false" />
                <line number="327" hits="1" branch="false" />
                <line number="328" hits="1" branch="false" />
                <line number="329" hits="1" branch="false" />
                <line number="330" hits="1" branch="false" />
                <line number="331" hits="1" branch="false" />
                <line number="332" hits="1" branch="false" />
                <line number="333" hits="1" branch="false" />
                <line number="334" hits="1" branch="false" />
              </lines>
            </method>
            <method name="SCC_test_2" signature="()" line-rate="1" branch-rate="1" complexity="1">
              <lines>
                <line number="340" hits="1" branch="false" />
                <line number="341" hits="1" branch="false" />
                <line number="342" hits="1" branch="false" />
                <line number="343" hits="1" branch="false" />
                <line number="344" hits="1" branch="false" />
                <line number="345" hits="1" branch="false" />
                <line number="346" hits="1" branch="false" />
                <line number="347" hits="1" branch="false" />
                <line number="348" hits="1" branch="false" />
                <line number="349" hits="1" branch="false" />
                <line number="350" hits="1" branch="false" />
                <line number="351" hits="1" branch="false" />
                <line number="352" hits="1" branch="false" />
              </lines>
            </method>
            <method name="SCC_test_3" signature="()" line-rate="1" branch-rate="1" complexity="1">
              <lines>
                <line number="358" hits="1" branch="false" />
                <line number="359" hits="1" branch="false" />
                <line number="360" hits="1" branch="false" />
                <line number="361" hits="1" branch="false" />
                <line number="362" hits="1" branch="false" />
                <line number="363" hits="1" branch="false" />
                <line number="364" hits="1" branch="false" />
                <line number="365" hits="1" branch="false" />
                <line number="366" hits="1" branch="false" />
                <line number="367" hits="1" branch="false" />
                <line number="368" hits="1" branch="false" />
                <line number="369" hits="1" branch="false" />
                <line number="370" hits="1" branch="false" />
              </lines>
            </method>
          </methods>
          <lines>
            <line number="18" hits="1" branch="false" />
            <line number="19" hits="1" branch="false" />
            <line number="21" hits="1" branch="false" />
            <line number="22" hits="1" branch="false" />
            <line number="24" hits="1" branch="false" />
            <line number="25" hits="1" branch="false" />
            <line number="26" hits="1" branch="false" />
            <line number="27" hits="1" branch="false" />
            <line number="33" hits="1" branch="false" />
            <line number="34" hits="1" branch="false" />
            <line number="36" hits="1" branch="false" />
            <line number="37" hits="1" branch="false" />
            <line number="39" hits="1" branch="false" />
            <line number="40" hits="1" branch="false" />
            <line number="41" hits="1" branch="false" />
            <line number="42" hits="1" branch="false" />
            <line number="48" hits="1" branch="false" />
            <line number="49" hits="1" branch="false" />
            <line number="51" hits="1" branch="false" />
            <line number="52" hits="1" branch="false" />
            <line number="54" hits="1" branch="false" />
            <line number="55" hits="1" branch="false" />
            <line number="56" hits="1" branch="false" />
            <line number="57" hits="1" branch="false" />
            <line number="65" hits="1" branch="false" />
            <line number="66" hits="1" branch="false" />
            <line number="67" hits="1" branch="false" />
            <line number="68" hits="1" branch="false" />
            <line number="69" hits="1" branch="false" />
            <line number="70" hits="1" branch="false" />
            <line number="71" hits="1" branch="false" />
            <line number="72" hits="1" branch="false" />
            <line number="73" hits="1" branch="false" />
            <line number="79" hits="1" branch="false" />
            <line number="80" hits="1" branch="false" />
            <line number="81" hits="1" branch="false" />
            <line number="82" hits="1" branch="false" />
            <line number="83" hits="1" branch="false" />
            <line number="84" hits="1" branch="false" />
            <line number="85" hits="1" branch="false" />
            <line number="86" hits="1" branch="false" />
            <line number="87" hits="1" branch="false" />
            <line number="93" hits="1" branch="false" />
            <line number="94" hits="1" branch="false" />
            <line number="95" hits="1" branch="false" />
            <line number="96" hits="1" branch="false" />
            <line number="97" hits="1" branch="false" />
            <line number="98" hits="1" branch="false" />
            <line number="99" hits="1" branch="false" />
            <line number="100" hits="1" branch="false" />
            <line number="101" hits="1" branch="false" />
            <line number="107" hits="1" branch="false" />
            <line number="108" hits="1" branch="false" />
            <line number="109" hits="1" branch="false" />
            <line number="110" hits="1" branch="false" />
            <line number="111" hits="1" branch="false" />
            <line number="112" hits="1" branch="false" />
            <line number="113" hits="1" branch="false" />
            <line number="114" hits="1" branch="false" />
            <line number="117" hits="1" branch="false" />
            <line number="123" hits="1" branch="false" />
            <line number="124" hits="1" branch="false" />
            <line number="125" hits="1" branch="false" />
            <line number="126" hits="1" branch="false" />
            <line number="127" hits="1" branch="false" />
            <line number="128" hits="1" branch="false" />
            <line number="129" hits="1" branch="false" />
            <line number="130" hits="1" branch="false" />
            <line number="133" hits="1" branch="false" />
            <line number="139" hits="1" branch="false" />
            <line number="140" hits="1" branch="false" />
            <line number="141" hits="1" branch="false" />
            <line number="142" hits="1" branch="false" />
            <line number="143" hits="1" branch="false" />
            <line number="144" hits="1" branch="false" />
            <line number="145" hits="1" branch="false" />
            <line number="146" hits="1" branch="false" />
            <line number="149" hits="1" branch="false" />
            <line number="155" hits="1" branch="false" />
            <line number="156" hits="1" branch="false" />
            <line number="158" hits="1" branch="false" />
            <line number="159" hits="1" branch="false" />
            <line number="160" hits="1" branch="false" />
            <line number="161" hits="1" branch="false" />
            <line number="162" hits="1" branch="false" />
            <line number="163" hits="1" branch="false" />
            <line number="165" hits="1" branch="false" />
            <line number="166" hits="1" branch="false" />
            <line number="167" hits="1" branch="false" />
            <line number="168" hits="1" branch="false" />
            <line number="174" hits="1" branch="false" />
            <line number="175" hits="1" branch="false" />
            <line number="177" hits="1" branch="false" />
            <line number="178" hits="1" branch="false" />
            <line number="179" hits="1" branch="false" />
            <line number="180" hits="1" branch="false" />
            <line number="181" hits="1" branch="false" />
            <line number="182" hits="1" branch="false" />
            <line number="188" hits="1" branch="false" />
            <line number="189" hits="1" branch="false" />
            <line number="191" hits="1" branch="false" />
            <line number="192" hits="1" branch="false" />
            <line number="193" hits="1" branch="false" />
            <line number="194" hits="1" branch="false" />
            <line number="196" hits="1" branch="false" />
            <line number="197" hits="1" branch="false" />
            <line number="198" hits="1" branch="false" />
            <line number="199" hits="1" branch="false" />
            <line number="205" hits="1" branch="false" />
            <line number="206" hits="1" branch="false" />
            <line number="208" hits="1" branch="false" />
            <line number="209" hits="1" branch="false" />
            <line number="210" hits="1" branch="false" />
            <line number="211" hits="1" branch="false" />
            <line number="212" hits="1" branch="false" />
            <line number="213" hits="1" branch="false" />
            <line number="214" hits="1" branch="false" />
            <line number="215" hits="1" branch="false" />
            <line number="216" hits="1" branch="false" />
            <line number="217" hits="1" branch="false" />
            <line number="218" hits="1" branch="false" />
            <line number="224" hits="1" branch="false" />
            <line number="225" hits="1" branch="false" />
            <line number="227" hits="1" branch="false" />
            <line number="228" hits="1" branch="false" />
            <line number="229" hits="1" branch="false" />
            <line number="230" hits="1" branch="false" />
            <line number="231" hits="1" branch="false" />
            <line number="232" hits="1" branch="false" />
            <line number="233" hits="1" branch="false" />
            <line number="234" hits="1" branch="false" />
            <line number="235" hits="1" branch="false" />
            <line number="236" hits="1" branch="false" />
            <line number="237" hits="1" branch="false" />
            <line number="243" hits="1" branch="false" />
            <line number="244" hits="1" branch="false" />
            <line number="246" hits="1" branch="false" />
            <line number="247" hits="1" branch="false" />
            <line number="248" hits="1" branch="false" />
            <line number="249" hits="1" branch="false" />
            <line number="250" hits="1" branch="false" />
            <line number="251" hits="1" branch="false" />
            <line number="252" hits="1" branch="false" />
            <line number="253" hits="1" branch="false" />
            <line number="254" hits="1" branch="false" />
            <line number="255" hits="1" branch="false" />
            <line number="256" hits="1" branch="false" />
            <line number="257" hits="1" branch="false" />
            <line number="258" hits="1" branch="false" />
            <line number="264" hits="1" branch="false" />
            <line number="265" hits="1" branch="false" />
            <line number="267" hits="1" branch="false" />
            <line number="268" hits="1" branch="false" />
            <line number="269" hits="1" branch="false" />
            <line number="270" hits="1" branch="false" />
            <line number="271" hits="1" branch="false" />
            <line number="272" hits="1" branch="false" />
            <line number="274" hits="1" branch="false" />
            <line number="275" hits="1" branch="false" />
            <line number="276" hits="1" branch="false" />
            <line number="277" hits="1" branch="false" />
            <line number="283" hits="1" branch="false" />
            <line number="284" hits="1" branch="false" />
            <line number="286" hits="1" branch="false" />
            <line number="287" hits="1" branch="false" />
            <line number="288" hits="1" branch="false" />
            <line number="289" hits="1" branch="false" />
            <line number="290" hits="1" branch="false" />
            <line number="291" hits="1" branch="false" />
            <line number="293" hits="1" branch="false" />
            <line number="294" hits="1" branch="false" />
            <line number="295" hits="1" branch="false" />
            <line number="296" hits="1" branch="false" />
            <line number="302" hits="1" branch="false" />
            <line number="303" hits="1" branch="false" />
            <line number="305" hits="1" branch="false" />
            <line number="306" hits="1" branch="false" />
            <line number="307" hits="1" branch="false" />
            <line number="308" hits="1" branch="false" />
            <line number="309" hits="1" branch="false" />
            <line number="310" hits="1" branch="false" />
            <line number="312" hits="1" branch="false" />
            <line number="313" hits="1" branch="false" />
            <line number="314" hits="1" branch="false" />
            <line number="315" hits="1" branch="false" />
            <line number="322" hits="1" branch="false" />
            <line number="323" hits="1" branch="false" />
            <line number="324" hits="1" branch="false" />
            <line number="325" hits="1" branch="false" />
            <line number="326" hits="1" branch="false" />
            <line number="327" hits="1" branch="false" />
            <line number="328" hits="1" branch="false" />
            <line number="329" hits="1" branch="false" />
            <line number="330" hits="1" branch="false" />
            <line number="331" hits="1" branch="false" />
            <line number="332" hits="1" branch="false" />
            <line number="333" hits="1" branch="false" />
            <line number="334" hits="1" branch="false" />
            <line number="340" hits="1" branch="false" />
            <line number="341" hits="1" branch="false" />
            <line number="342" hits="1" branch="false" />
            <line number="343" hits="1" branch="false" />
            <line number="344" hits="1" branch="false" />
            <line number="345" hits="1" branch="false" />
            <line number="346" hits="1" branch="false" />
            <line number="347" hits="1" branch="false" />
            <line number="348" hits="1" branch="false" />
            <line number="349" hits="1" branch="false" />
            <line number="350" hits="1" branch="false" />
            <line number="351" hits="1" branch="false" />
            <line number="352" hits="1" branch="false" />
            <line number="358" hits="1" branch="false" />
            <line number="359" hits="1" branch="false" />
            <line number="360" hits="1" branch="false" />
            <line number="361" hits="1" branch="false" />
            <line number="362" hits="1" branch="false" />
            <line number="363" hits="1" branch="false" />
            <line number="364" hits="1" branch="false" />
            <line number="365" hits="1" branch="false" />
            <line number="366" hits="1" branch="false" />
            <line number="367" hits="1" branch="false" />
            <line number="368" hits="1" branch="false" />
            <line number="369" hits="1" branch="false" />
            <line number="370" hits="1" branch="false" />
          </lines>
        </class>
      </classes>
    </package>
  </packages>
</coverage>